<?xml version="1.0" encoding="UTF-8"?>
<!-- Generated by org.testng.reporters.JUnitReportReporter -->
<testsuite skipped="0" hostname="DESKTOP-3L3SNLT" name="NewTest" tests="1" failures="0" timestamp="07 Dec 2018 15:20:15 GMT" time="6.420" errors="0">
  <testcase name="f" time="6.420" classname="NewTest"/>
</testsuite> <!-- NewTest -->
